;  LST file generated by mikroListExporter - v.2.0 
; Date/Time: 09/09/2016 10:18:00 a.m.
;----------------------------------------------

;Address Opcode 	ASM
0x0000	0x2827      	GOTO       39
_____DoICP:
;__Lib_System.c,6 :: 		
;__Lib_System.c,9 :: 		
0x0003	0x1283      	BCF        STATUS, 5
0x0004	0x1303      	BCF        STATUS, 6
0x0005	0x082C      	MOVF       ___DoICPAddr+1, 0
0x0006	0x008A      	MOVWF      PCLATH
;__Lib_System.c,10 :: 		
0x0007	0x082B      	MOVF       ___DoICPAddr, 0
0x0008	0x0082      	MOVWF      PCL
;__Lib_System.c,12 :: 		
L_end_____DoICP:
0x0009	0x0008      	RETURN
; end of _____DoICP
___CC2DW:
;__Lib_System.c,134 :: 		
;__Lib_System.c,137 :: 		
_CC2D_Loop1:
;__Lib_System.c,139 :: 		
0x000A	0x2003      	CALL       _____DoICP
0x000B	0x118A      	BCF        PCLATH, 3
0x000C	0x120A      	BCF        PCLATH, 4
;__Lib_System.c,141 :: 		
0x000D	0x0080      	MOVWF      INDF
;__Lib_System.c,142 :: 		
0x000E	0x0A84      	INCF       FSR, 1
;__Lib_System.c,143 :: 		
0x000F	0x0AAB      	INCF       ___DoICPAddr, 1
;__Lib_System.c,145 :: 		
0x0010	0x1903      	BTFSC      STATUS, 2
;__Lib_System.c,146 :: 		
0x0011	0x0AAC      	INCF       ___DoICPAddr+1, 1
;__Lib_System.c,147 :: 		
0x0012	0x03F0      	DECF       R0, 1
;__Lib_System.c,149 :: 		
0x0013	0x1D03      	BTFSS      STATUS, 2
;__Lib_System.c,150 :: 		
0x0014	0x280A      	GOTO       _CC2D_Loop1
;__Lib_System.c,152 :: 		
L_end___CC2DW:
0x0015	0x0008      	RETURN
; end of ___CC2DW
_Div_8X8_U:
;__Lib_Math.c,189 :: 		
;__Lib_Math.c,196 :: 		
0x0016	0x1283      	BCF        STATUS, 5
;__Lib_Math.c,197 :: 		
0x0017	0x1303      	BCF        STATUS, 6
;__Lib_Math.c,198 :: 		
0x0018	0x01F8      	CLRF       R8
;__Lib_Math.c,199 :: 		
0x0019	0x3008      	MOVLW      8
;__Lib_Math.c,200 :: 		
0x001A	0x00FC      	MOVWF      R12
;__Lib_Math.c,201 :: 		
0x001B	0x0D70      	RLF        R0, 0
;__Lib_Math.c,202 :: 		
0x001C	0x0DF8      	RLF        R8, 1
;__Lib_Math.c,203 :: 		
0x001D	0x0874      	MOVF       R4, 0
;__Lib_Math.c,204 :: 		
0x001E	0x02F8      	SUBWF      R8, 1
;__Lib_Math.c,205 :: 		
0x001F	0x1803      	BTFSC      STATUS, 0
;__Lib_Math.c,206 :: 		
0x0020	0x2823      	GOTO       $+3
;__Lib_Math.c,207 :: 		
0x0021	0x07F8      	ADDWF      R8, 1
;__Lib_Math.c,208 :: 		
0x0022	0x1003      	BCF        STATUS, 0
;__Lib_Math.c,209 :: 		
0x0023	0x0DF0      	RLF        R0, 1
;__Lib_Math.c,210 :: 		
0x0024	0x0BFC      	DECFSZ     R12, 1
;__Lib_Math.c,211 :: 		
0x0025	0x281B      	GOTO       $-10
;__Lib_Math.c,213 :: 		
L_end_Div_8X8_U:
0x0026	0x0008      	RETURN
; end of _Div_8X8_U
_main:
0x0027	0x1283      	BCF        STATUS, 5
0x0028	0x1303      	BCF        STATUS, 6
0x0029	0x01A0      	CLRF       _cont
0x002A	0x303F      	MOVLW      63
0x002B	0x00A1      	MOVWF      _DISPLAY
0x002C	0x3006      	MOVLW      6
0x002D	0x00A2      	MOVWF      34
0x002E	0x305B      	MOVLW      91
0x002F	0x00A3      	MOVWF      35
0x0030	0x304F      	MOVLW      79
0x0031	0x00A4      	MOVWF      36
0x0032	0x3066      	MOVLW      102
0x0033	0x00A5      	MOVWF      37
0x0034	0x306D      	MOVLW      109
0x0035	0x00A6      	MOVWF      38
0x0036	0x307D      	MOVLW      125
0x0037	0x00A7      	MOVWF      39
0x0038	0x3007      	MOVLW      7
0x0039	0x00A8      	MOVWF      40
0x003A	0x307F      	MOVLW      127
0x003B	0x00A9      	MOVWF      41
0x003C	0x3067      	MOVLW      103
0x003D	0x00AA      	MOVWF      42
;Contador de 0-99 display 7 seg.c,5 :: 		void main()
;Contador de 0-99 display 7 seg.c,7 :: 		ANSEL=ANSELH=0;
0x003E	0x1683      	BSF        STATUS, 5
0x003F	0x1703      	BSF        STATUS, 6
0x0040	0x0189      	CLRF       ANSELH
0x0041	0x0188      	CLRF       ANSEL
;Contador de 0-99 display 7 seg.c,8 :: 		C1ON_BIT=C2ON_BIT=0;
0x0042	0x1283      	BCF        STATUS, 5
0x0043	0x1388      	BCF        C2ON_bit, BitPos(C2ON_bit+0)
0x0044	0x1B88      	BTFSC      C2ON_bit, BitPos(C2ON_bit+0)
0x0045	0x2848      	GOTO       L__main12
0x0046	0x1387      	BCF        C1ON_bit, BitPos(C1ON_bit+0)
0x0047	0x2849      	GOTO       L__main13
L__main12:
0x0048	0x1787      	BSF        C1ON_bit, BitPos(C1ON_bit+0)
L__main13:
;Contador de 0-99 display 7 seg.c,9 :: 		TRISC=0x00;
0x0049	0x1683      	BSF        STATUS, 5
0x004A	0x1303      	BCF        STATUS, 6
0x004B	0x0187      	CLRF       TRISC
;Contador de 0-99 display 7 seg.c,10 :: 		PORTC=0x00;
0x004C	0x1283      	BCF        STATUS, 5
0x004D	0x0187      	CLRF       PORTC
;Contador de 0-99 display 7 seg.c,11 :: 		TRISA.F0=0;
0x004E	0x1683      	BSF        STATUS, 5
0x004F	0x1005      	BCF        TRISA, 0
;Contador de 0-99 display 7 seg.c,12 :: 		TRISA.F1=0;
0x0050	0x1085      	BCF        TRISA, 1
;Contador de 0-99 display 7 seg.c,13 :: 		TRISA.F3=1;
0x0051	0x1585      	BSF        TRISA, 3
;Contador de 0-99 display 7 seg.c,14 :: 		TRISA.F4=1;
0x0052	0x1605      	BSF        TRISA, 4
;Contador de 0-99 display 7 seg.c,15 :: 		PORTA.F0=1;
0x0053	0x1283      	BCF        STATUS, 5
0x0054	0x1405      	BSF        PORTA, 0
;Contador de 0-99 display 7 seg.c,16 :: 		PORTA.F1=1;
0x0055	0x1485      	BSF        PORTA, 1
;Contador de 0-99 display 7 seg.c,18 :: 		while(1)
L_main0:
;Contador de 0-99 display 7 seg.c,20 :: 		if(PORTA.F3==0)
0x0056	0x1985      	BTFSC      PORTA, 3
0x0057	0x286A      	GOTO       L_main2
;Contador de 0-99 display 7 seg.c,22 :: 		if(PORTA.F4==0)
0x0058	0x1A05      	BTFSC      PORTA, 4
0x0059	0x2862      	GOTO       L_main3
;Contador de 0-99 display 7 seg.c,24 :: 		if(Cont==99)
0x005A	0x0820      	MOVF       _cont, 0
0x005B	0x3A63      	XORLW      99
0x005C	0x1D03      	BTFSS      STATUS, 2
0x005D	0x2860      	GOTO       L_main4
;Contador de 0-99 display 7 seg.c,25 :: 		{cont=0;}
0x005E	0x01A0      	CLRF       _cont
0x005F	0x2861      	GOTO       L_main5
L_main4:
;Contador de 0-99 display 7 seg.c,27 :: 		{++cont;}
0x0060	0x0AA0      	INCF       _cont, 1
L_main5:
;Contador de 0-99 display 7 seg.c,28 :: 		}else{
0x0061	0x286A      	GOTO       L_main6
L_main3:
;Contador de 0-99 display 7 seg.c,29 :: 		if(cont==0)
0x0062	0x0820      	MOVF       _cont, 0
0x0063	0x3A00      	XORLW      0
0x0064	0x1D03      	BTFSS      STATUS, 2
0x0065	0x2869      	GOTO       L_main7
;Contador de 0-99 display 7 seg.c,30 :: 		{cont=99;}
0x0066	0x3063      	MOVLW      99
0x0067	0x00A0      	MOVWF      _cont
0x0068	0x286A      	GOTO       L_main8
L_main7:
;Contador de 0-99 display 7 seg.c,31 :: 		else{--cont;}
0x0069	0x03A0      	DECF       _cont, 1
L_main8:
;Contador de 0-99 display 7 seg.c,32 :: 		}
L_main6:
;Contador de 0-99 display 7 seg.c,33 :: 		}
L_main2:
;Contador de 0-99 display 7 seg.c,36 :: 		PORTC=DISPLAY[cont%10];
0x006A	0x300A      	MOVLW      10
0x006B	0x00F4      	MOVWF      R4
0x006C	0x0820      	MOVF       _cont, 0
0x006D	0x00F0      	MOVWF      R0
0x006E	0x2016      	CALL       _Div_8X8_U
0x006F	0x0878      	MOVF       R8, 0
0x0070	0x00F0      	MOVWF      R0
0x0071	0x0870      	MOVF       R0, 0
0x0072	0x3E21      	ADDLW      _DISPLAY
0x0073	0x0084      	MOVWF      FSR
0x0074	0x0800      	MOVF       INDF, 0
0x0075	0x0087      	MOVWF      PORTC
;Contador de 0-99 display 7 seg.c,37 :: 		PORTA.F0=0;
0x0076	0x1005      	BCF        PORTA, 0
;Contador de 0-99 display 7 seg.c,38 :: 		delay_ms (TIME);
0x0077	0x3002      	MOVLW      2
0x0078	0x00FB      	MOVWF      R11
0x0079	0x3004      	MOVLW      4
0x007A	0x00FC      	MOVWF      R12
0x007B	0x30BA      	MOVLW      186
0x007C	0x00FD      	MOVWF      R13
L_main9:
0x007D	0x0BFD      	DECFSZ     R13, 1
0x007E	0x287D      	GOTO       L_main9
0x007F	0x0BFC      	DECFSZ     R12, 1
0x0080	0x287D      	GOTO       L_main9
0x0081	0x0BFB      	DECFSZ     R11, 1
0x0082	0x287D      	GOTO       L_main9
0x0083	0x0000      	NOP
;Contador de 0-99 display 7 seg.c,39 :: 		PORTA.F0=1;
0x0084	0x1405      	BSF        PORTA, 0
;Contador de 0-99 display 7 seg.c,40 :: 		PORTC=DISPLAY[cont/10];
0x0085	0x300A      	MOVLW      10
0x0086	0x00F4      	MOVWF      R4
0x0087	0x0820      	MOVF       _cont, 0
0x0088	0x00F0      	MOVWF      R0
0x0089	0x2016      	CALL       _Div_8X8_U
0x008A	0x0870      	MOVF       R0, 0
0x008B	0x3E21      	ADDLW      _DISPLAY
0x008C	0x0084      	MOVWF      FSR
0x008D	0x0800      	MOVF       INDF, 0
0x008E	0x0087      	MOVWF      PORTC
;Contador de 0-99 display 7 seg.c,41 :: 		PORTA.F1=0;
0x008F	0x1085      	BCF        PORTA, 1
;Contador de 0-99 display 7 seg.c,42 :: 		delay_ms(TIME);
0x0090	0x3002      	MOVLW      2
0x0091	0x00FB      	MOVWF      R11
0x0092	0x3004      	MOVLW      4
0x0093	0x00FC      	MOVWF      R12
0x0094	0x30BA      	MOVLW      186
0x0095	0x00FD      	MOVWF      R13
L_main10:
0x0096	0x0BFD      	DECFSZ     R13, 1
0x0097	0x2896      	GOTO       L_main10
0x0098	0x0BFC      	DECFSZ     R12, 1
0x0099	0x2896      	GOTO       L_main10
0x009A	0x0BFB      	DECFSZ     R11, 1
0x009B	0x2896      	GOTO       L_main10
0x009C	0x0000      	NOP
;Contador de 0-99 display 7 seg.c,43 :: 		PORTA.F1=1;
0x009D	0x1485      	BSF        PORTA, 1
;Contador de 0-99 display 7 seg.c,44 :: 		}
0x009E	0x2856      	GOTO       L_main0
;Contador de 0-99 display 7 seg.c,45 :: 		}
L_end_main:
0x009F	0x289F      	GOTO       $+0
; end of _main
Symbol List:
//** Routines locations **
//ADDRESS    SIZE    PROCEDURE
//----------------------------------------------
0x0003       [7]    _____DoICP
0x000A      [12]    ___CC2DW
0x0016      [17]    _Div_8X8_U
0x0027     [121]    _main
//** Variables locations ** 
//ADDRESS    SIZE    VARIABLE
//----------------------------------------------
0x0000       [1]    INDF
0x0002       [1]    PCL
0x0003       [1]    STATUS
0x0004       [1]    FSR
0x0005       [1]    PORTA
0x0007       [1]    PORTC
0x000A       [1]    PCLATH
0x0020       [1]    _cont
0x0021      [10]    _DISPLAY
0x002B       [2]    ___DoICPAddr
0x0070       [1]    R0
0x0071       [1]    R1
0x0072       [1]    R2
0x0073       [1]    R3
0x0074       [1]    R4
0x0075       [1]    R5
0x0076       [1]    R6
0x0077       [1]    R7
0x0078       [1]    R8
0x0079       [1]    R9
0x007A       [1]    R10
0x007B       [1]    R11
0x007C       [1]    R12
0x007D       [1]    R13
0x007E       [1]    R14
0x007F       [1]    R15
0x0085       [1]    TRISA
0x0087       [1]    TRISC
0x0107       [0]    C1ON_bit
0x0108       [0]    C2ON_bit
0x0188       [1]    ANSEL
0x0189       [1]    ANSELH
