;  LST file generated by mikroListExporter - v.2.0 
; Date/Time: 22/09/2016 20:03:20
;----------------------------------------------

;Address Opcode 	ASM
0x0000	0x2882      	GOTO       130
_____DoICP:
;__Lib_System.c,6 :: 		
;__Lib_System.c,9 :: 		
0x0003	0x1283      	BCF        STATUS, 5
0x0004	0x1303      	BCF        STATUS, 6
0x0005	0x082D      	MOVF       ___DoICPAddr+1, 0
0x0006	0x008A      	MOVWF      PCLATH
;__Lib_System.c,10 :: 		
0x0007	0x082C      	MOVF       ___DoICPAddr, 0
0x0008	0x0082      	MOVWF      PCL
;__Lib_System.c,12 :: 		
L_end_____DoICP:
0x0009	0x0008      	RETURN
; end of _____DoICP
___CC2DW:
;__Lib_System.c,134 :: 		
;__Lib_System.c,137 :: 		
_CC2D_Loop1:
;__Lib_System.c,139 :: 		
0x000A	0x2003      	CALL       _____DoICP
0x000B	0x118A      	BCF        PCLATH, 3
0x000C	0x120A      	BCF        PCLATH, 4
;__Lib_System.c,141 :: 		
0x000D	0x0080      	MOVWF      INDF
;__Lib_System.c,142 :: 		
0x000E	0x0A84      	INCF       FSR, 1
;__Lib_System.c,143 :: 		
0x000F	0x0AAC      	INCF       ___DoICPAddr, 1
;__Lib_System.c,145 :: 		
0x0010	0x1903      	BTFSC      STATUS, 2
;__Lib_System.c,146 :: 		
0x0011	0x0AAD      	INCF       ___DoICPAddr+1, 1
;__Lib_System.c,147 :: 		
0x0012	0x03F0      	DECF       R0, 1
;__Lib_System.c,149 :: 		
0x0013	0x1D03      	BTFSS      STATUS, 2
;__Lib_System.c,150 :: 		
0x0014	0x280A      	GOTO       _CC2D_Loop1
;__Lib_System.c,152 :: 		
L_end___CC2DW:
0x0015	0x0008      	RETURN
; end of ___CC2DW
_multiplexado:
;nuevo.c,98 :: 		void multiplexado(unsigned char veces)
;nuevo.c,101 :: 		PORTA.RA0=0;
0x0016	0x1283      	BCF        STATUS, 5
0x0017	0x1303      	BCF        STATUS, 6
0x0018	0x1005      	BCF        PORTA, 0
;nuevo.c,102 :: 		PORTA.RA1=0;
0x0019	0x1085      	BCF        PORTA, 1
;nuevo.c,104 :: 		while(veces)
L_multiplexado13:
0x001A	0x0830      	MOVF       FARG_multiplexado_veces, 0
0x001B	0x1903      	BTFSC      STATUS, 2
0x001C	0x283F      	GOTO       L_multiplexado14
;nuevo.c,106 :: 		PORTA=TABLA[unidades];
0x001D	0x0820      	MOVF       _unidades, 0
0x001E	0x3E21      	ADDLW      _TABLA
0x001F	0x0084      	MOVWF      FSR
0x0020	0x0800      	MOVF       INDF, 0
0x0021	0x0085      	MOVWF      PORTA
;nuevo.c,107 :: 		PORTA.RA1=1;
0x0022	0x1485      	BSF        PORTA, 1
;nuevo.c,108 :: 		delay_ms(3);
0x0023	0x3004      	MOVLW      4
0x0024	0x00FC      	MOVWF      R12
0x0025	0x30E4      	MOVLW      228
0x0026	0x00FD      	MOVWF      R13
L_multiplexado15:
0x0027	0x0BFD      	DECFSZ     R13, 1
0x0028	0x2827      	GOTO       L_multiplexado15
0x0029	0x0BFC      	DECFSZ     R12, 1
0x002A	0x2827      	GOTO       L_multiplexado15
0x002B	0x0000      	NOP
;nuevo.c,109 :: 		PORTA.RA1=0;
0x002C	0x1085      	BCF        PORTA, 1
;nuevo.c,111 :: 		PORTA=TABLA[decenas];
0x002D	0x082B      	MOVF       _decenas, 0
0x002E	0x3E21      	ADDLW      _TABLA
0x002F	0x0084      	MOVWF      FSR
0x0030	0x0800      	MOVF       INDF, 0
0x0031	0x0085      	MOVWF      PORTA
;nuevo.c,112 :: 		PORTA.RA0=1;
0x0032	0x1405      	BSF        PORTA, 0
;nuevo.c,113 :: 		delay_ms(3);
0x0033	0x3004      	MOVLW      4
0x0034	0x00FC      	MOVWF      R12
0x0035	0x30E4      	MOVLW      228
0x0036	0x00FD      	MOVWF      R13
L_multiplexado16:
0x0037	0x0BFD      	DECFSZ     R13, 1
0x0038	0x2837      	GOTO       L_multiplexado16
0x0039	0x0BFC      	DECFSZ     R12, 1
0x003A	0x2837      	GOTO       L_multiplexado16
0x003B	0x0000      	NOP
;nuevo.c,114 :: 		PORTa.RA0=0;
0x003C	0x1005      	BCF        PORTA, 0
;nuevo.c,116 :: 		veces--;
0x003D	0x03B0      	DECF       FARG_multiplexado_veces, 1
;nuevo.c,117 :: 		}
0x003E	0x281A      	GOTO       L_multiplexado13
L_multiplexado14:
;nuevo.c,118 :: 		}
L_end_multiplexado:
0x003F	0x0008      	RETURN
; end of _multiplexado
_conteo_up:
;nuevo.c,56 :: 		void conteo_up()
;nuevo.c,58 :: 		if(unidades==9&decenas==9)
0x0040	0x1283      	BCF        STATUS, 5
0x0041	0x1303      	BCF        STATUS, 6
0x0042	0x0820      	MOVF       _unidades, 0
0x0043	0x3A09      	XORLW      9
0x0044	0x3001      	MOVLW      1
0x0045	0x1D03      	BTFSS      STATUS, 2
0x0046	0x3000      	MOVLW      0
0x0047	0x00F1      	MOVWF      R1
0x0048	0x082B      	MOVF       _decenas, 0
0x0049	0x3A09      	XORLW      9
0x004A	0x3001      	MOVLW      1
0x004B	0x1D03      	BTFSS      STATUS, 2
0x004C	0x3000      	MOVLW      0
0x004D	0x00F0      	MOVWF      R0
0x004E	0x0871      	MOVF       R1, 0
0x004F	0x05F0      	ANDWF      R0, 1
0x0050	0x1903      	BTFSC      STATUS, 2
0x0051	0x2855      	GOTO       L_conteo_up6
;nuevo.c,60 :: 		unidades=0;
0x0052	0x01A0      	CLRF       _unidades
;nuevo.c,61 :: 		decenas=0;
0x0053	0x01AB      	CLRF       _decenas
;nuevo.c,63 :: 		}
0x0054	0x2861      	GOTO       L_conteo_up7
L_conteo_up6:
;nuevo.c,66 :: 		unidades++;
0x0055	0x0AA0      	INCF       _unidades, 1
;nuevo.c,67 :: 		if(unidades==10)
0x0056	0x0820      	MOVF       _unidades, 0
0x0057	0x3A0A      	XORLW      10
0x0058	0x1D03      	BTFSS      STATUS, 2
0x0059	0x2861      	GOTO       L_conteo_up8
;nuevo.c,69 :: 		unidades=0;
0x005A	0x01A0      	CLRF       _unidades
;nuevo.c,70 :: 		decenas++;
0x005B	0x0AAB      	INCF       _decenas, 1
;nuevo.c,71 :: 		if(decenas==10)
0x005C	0x082B      	MOVF       _decenas, 0
0x005D	0x3A0A      	XORLW      10
0x005E	0x1D03      	BTFSS      STATUS, 2
0x005F	0x2861      	GOTO       L_conteo_up9
;nuevo.c,73 :: 		decenas=0;
0x0060	0x01AB      	CLRF       _decenas
;nuevo.c,74 :: 		}
L_conteo_up9:
;nuevo.c,75 :: 		}
L_conteo_up8:
;nuevo.c,76 :: 		}
L_conteo_up7:
;nuevo.c,77 :: 		}
L_end_conteo_up:
0x0061	0x0008      	RETURN
; end of _conteo_up
_conteo_down:
;nuevo.c,79 :: 		void conteo_down()
;nuevo.c,81 :: 		if(unidades==0&decenas==0)
0x0062	0x1283      	BCF        STATUS, 5
0x0063	0x1303      	BCF        STATUS, 6
0x0064	0x0820      	MOVF       _unidades, 0
0x0065	0x3A00      	XORLW      0
0x0066	0x3001      	MOVLW      1
0x0067	0x1D03      	BTFSS      STATUS, 2
0x0068	0x3000      	MOVLW      0
0x0069	0x00F1      	MOVWF      R1
0x006A	0x082B      	MOVF       _decenas, 0
0x006B	0x3A00      	XORLW      0
0x006C	0x3001      	MOVLW      1
0x006D	0x1D03      	BTFSS      STATUS, 2
0x006E	0x3000      	MOVLW      0
0x006F	0x00F0      	MOVWF      R0
0x0070	0x0871      	MOVF       R1, 0
0x0071	0x05F0      	ANDWF      R0, 1
0x0072	0x1903      	BTFSC      STATUS, 2
0x0073	0x2879      	GOTO       L_conteo_down10
;nuevo.c,83 :: 		unidades=9;
0x0074	0x3009      	MOVLW      9
0x0075	0x00A0      	MOVWF      _unidades
;nuevo.c,84 :: 		decenas=9;
0x0076	0x3009      	MOVLW      9
0x0077	0x00AB      	MOVWF      _decenas
;nuevo.c,86 :: 		}
0x0078	0x2881      	GOTO       L_conteo_down11
L_conteo_down10:
;nuevo.c,89 :: 		unidades--;
0x0079	0x03A0      	DECF       _unidades, 1
;nuevo.c,90 :: 		if(unidades==99)
0x007A	0x0820      	MOVF       _unidades, 0
0x007B	0x3A63      	XORLW      99
0x007C	0x1D03      	BTFSS      STATUS, 2
0x007D	0x2881      	GOTO       L_conteo_down12
;nuevo.c,92 :: 		unidades=9;
0x007E	0x3009      	MOVLW      9
0x007F	0x00A0      	MOVWF      _unidades
;nuevo.c,93 :: 		decenas--;
0x0080	0x03AB      	DECF       _decenas, 1
;nuevo.c,94 :: 		}
L_conteo_down12:
;nuevo.c,95 :: 		}
L_conteo_down11:
;nuevo.c,96 :: 		}
L_end_conteo_down:
0x0081	0x0008      	RETURN
; end of _conteo_down
_main:
0x0082	0x1283      	BCF        STATUS, 5
0x0083	0x1303      	BCF        STATUS, 6
0x0084	0x01A0      	CLRF       _unidades
0x0085	0x30C0      	MOVLW      192
0x0086	0x00A1      	MOVWF      _TABLA
0x0087	0x30F9      	MOVLW      249
0x0088	0x00A2      	MOVWF      34
0x0089	0x30A4      	MOVLW      164
0x008A	0x00A3      	MOVWF      35
0x008B	0x30B0      	MOVLW      176
0x008C	0x00A4      	MOVWF      36
0x008D	0x3099      	MOVLW      153
0x008E	0x00A5      	MOVWF      37
0x008F	0x3092      	MOVLW      146
0x0090	0x00A6      	MOVWF      38
0x0091	0x3082      	MOVLW      130
0x0092	0x00A7      	MOVWF      39
0x0093	0x30F8      	MOVLW      248
0x0094	0x00A8      	MOVWF      40
0x0095	0x3080      	MOVLW      128
0x0096	0x00A9      	MOVWF      41
0x0097	0x3098      	MOVLW      152
0x0098	0x00AA      	MOVWF      42
0x0099	0x01AB      	CLRF       _decenas
;nuevo.c,10 :: 		void main()
;nuevo.c,12 :: 		ANSEL=ANSELH=0;
0x009A	0x1683      	BSF        STATUS, 5
0x009B	0x1703      	BSF        STATUS, 6
0x009C	0x0189      	CLRF       ANSELH
0x009D	0x0188      	CLRF       ANSEL
;nuevo.c,13 :: 		C1ON_BIT=C2ON_BIT=0;
0x009E	0x1283      	BCF        STATUS, 5
0x009F	0x1388      	BCF        C2ON_bit, BitPos(C2ON_bit+0)
0x00A0	0x1B88      	BTFSC      C2ON_bit, BitPos(C2ON_bit+0)
0x00A1	0x28A4      	GOTO       L__main18
0x00A2	0x1387      	BCF        C1ON_bit, BitPos(C1ON_bit+0)
0x00A3	0x28A5      	GOTO       L__main19
L__main18:
0x00A4	0x1787      	BSF        C1ON_bit, BitPos(C1ON_bit+0)
L__main19:
;nuevo.c,14 :: 		TRISC=0x00;
0x00A5	0x1683      	BSF        STATUS, 5
0x00A6	0x1303      	BCF        STATUS, 6
0x00A7	0x0187      	CLRF       TRISC
;nuevo.c,15 :: 		PORTC=0x00;
0x00A8	0x1283      	BCF        STATUS, 5
0x00A9	0x0187      	CLRF       PORTC
;nuevo.c,16 :: 		TRISA.F0=0;
0x00AA	0x1683      	BSF        STATUS, 5
0x00AB	0x1005      	BCF        TRISA, 0
;nuevo.c,17 :: 		TRISA.F1=0;
0x00AC	0x1085      	BCF        TRISA, 1
;nuevo.c,18 :: 		TRISA.F3=1;
0x00AD	0x1585      	BSF        TRISA, 3
;nuevo.c,19 :: 		TRISA.F4=1;
0x00AE	0x1605      	BSF        TRISA, 4
;nuevo.c,20 :: 		PORTA.F0=1;
0x00AF	0x1283      	BCF        STATUS, 5
0x00B0	0x1405      	BSF        PORTA, 0
;nuevo.c,21 :: 		PORTA.F1=1;
0x00B1	0x1485      	BSF        PORTA, 1
;nuevo.c,23 :: 		while(1) {
L_main0:
;nuevo.c,25 :: 		if(PORTA.RA4==0&PORTA.RA4==1)
0x00B2	0x1A05      	BTFSC      PORTA, 4
0x00B3	0x28B6      	GOTO       L__main20
0x00B4	0x1470      	BSF        R0, 0
0x00B5	0x28B7      	GOTO       L__main21
L__main20:
0x00B6	0x1070      	BCF        R0, 0
L__main21:
0x00B7	0x1A05      	BTFSC      PORTA, 4
0x00B8	0x28BB      	GOTO       L__main22
0x00B9	0x1003      	BCF        STATUS, 0
0x00BA	0x28BC      	GOTO       L__main23
L__main22:
0x00BB	0x1403      	BSF        STATUS, 0
L__main23:
0x00BC	0x1C70      	BTFSS      R0, 0
0x00BD	0x28C2      	GOTO       L__main24
0x00BE	0x1C03      	BTFSS      STATUS, 0
0x00BF	0x28C2      	GOTO       L__main24
0x00C0	0x1470      	BSF        R0, 0
0x00C1	0x28C3      	GOTO       L__main25
L__main24:
0x00C2	0x1070      	BCF        R0, 0
L__main25:
0x00C3	0x1C70      	BTFSS      R0, 0
0x00C4	0x28C8      	GOTO       L_main2
;nuevo.c,27 :: 		memoria1=1;
0x00C5	0x1303      	BCF        STATUS, 6
0x00C6	0x3001      	MOVLW      1
0x00C7	0x00AF      	MOVWF      _memoria1
;nuevo.c,28 :: 		}
L_main2:
;nuevo.c,30 :: 		conteo_up();
0x00C8	0x2040      	CALL       _conteo_up
;nuevo.c,31 :: 		memoria1=0;
0x00C9	0x01AF      	CLRF       _memoria1
;nuevo.c,35 :: 		if(PORTA.RA4==0&PORTA.RA4==1)
0x00CA	0x1A05      	BTFSC      PORTA, 4
0x00CB	0x28CE      	GOTO       L__main26
0x00CC	0x1470      	BSF        R0, 0
0x00CD	0x28CF      	GOTO       L__main27
L__main26:
0x00CE	0x1070      	BCF        R0, 0
L__main27:
0x00CF	0x1A05      	BTFSC      PORTA, 4
0x00D0	0x28D3      	GOTO       L__main28
0x00D1	0x1003      	BCF        STATUS, 0
0x00D2	0x28D4      	GOTO       L__main29
L__main28:
0x00D3	0x1403      	BSF        STATUS, 0
L__main29:
0x00D4	0x1C70      	BTFSS      R0, 0
0x00D5	0x28DA      	GOTO       L__main30
0x00D6	0x1C03      	BTFSS      STATUS, 0
0x00D7	0x28DA      	GOTO       L__main30
0x00D8	0x1470      	BSF        R0, 0
0x00D9	0x28DB      	GOTO       L__main31
L__main30:
0x00DA	0x1070      	BCF        R0, 0
L__main31:
0x00DB	0x1C70      	BTFSS      R0, 0
0x00DC	0x28E0      	GOTO       L_main3
;nuevo.c,37 :: 		memoria2=1;
0x00DD	0x1303      	BCF        STATUS, 6
0x00DE	0x3001      	MOVLW      1
0x00DF	0x00AE      	MOVWF      _memoria2
;nuevo.c,38 :: 		}
L_main3:
;nuevo.c,40 :: 		conteo_down();
0x00E0	0x2062      	CALL       _conteo_down
;nuevo.c,41 :: 		memoria2=0;
0x00E1	0x01AE      	CLRF       _memoria2
;nuevo.c,43 :: 		if(PORTA.RA4==0)
0x00E2	0x1A05      	BTFSC      PORTA, 4
0x00E3	0x28E5      	GOTO       L_main4
;nuevo.c,45 :: 		conteo_up();
0x00E4	0x2040      	CALL       _conteo_up
;nuevo.c,46 :: 		}
L_main4:
;nuevo.c,47 :: 		if(PORTA.RA4==1)
0x00E5	0x1E05      	BTFSS      PORTA, 4
0x00E6	0x28E8      	GOTO       L_main5
;nuevo.c,49 :: 		conteo_down();
0x00E7	0x2062      	CALL       _conteo_down
;nuevo.c,50 :: 		}
L_main5:
;nuevo.c,52 :: 		multiplexado(25);
0x00E8	0x3019      	MOVLW      25
0x00E9	0x00B0      	MOVWF      FARG_multiplexado_veces
0x00EA	0x2016      	CALL       _multiplexado
;nuevo.c,53 :: 		}
0x00EB	0x28B2      	GOTO       L_main0
;nuevo.c,54 :: 		}
L_end_main:
0x00EC	0x28EC      	GOTO       $+0
; end of _main
Symbol List:
//** Routines locations **
//ADDRESS    SIZE    PROCEDURE
//----------------------------------------------
0x0003       [7]    _____DoICP
0x000A      [12]    ___CC2DW
0x0016      [42]    _multiplexado
0x0040      [34]    _conteo_up
0x0062      [32]    _conteo_down
0x0082     [107]    _main
//** Variables locations ** 
//ADDRESS    SIZE    VARIABLE
//----------------------------------------------
0x0000       [1]    INDF
0x0002       [1]    PCL
0x0003       [1]    STATUS
0x0004       [1]    FSR
0x0005       [1]    PORTA
0x0007       [1]    PORTC
0x000A       [1]    PCLATH
0x0020       [1]    _unidades
0x0021      [10]    _TABLA
0x002B       [1]    _decenas
0x002C       [2]    ___DoICPAddr
0x002E       [1]    _memoria2
0x002F       [1]    _memoria1
0x0030       [1]    FARG_multiplexado_veces
0x0070       [1]    R0
0x0071       [1]    R1
0x0072       [1]    R2
0x0073       [1]    R3
0x0074       [1]    R4
0x0075       [1]    R5
0x0076       [1]    R6
0x0077       [1]    R7
0x0078       [1]    R8
0x0079       [1]    R9
0x007A       [1]    R10
0x007B       [1]    R11
0x007C       [1]    R12
0x007D       [1]    R13
0x007E       [1]    R14
0x007F       [1]    R15
0x0085       [1]    TRISA
0x0087       [1]    TRISC
0x0107       [0]    C1ON_bit
0x0108       [0]    C2ON_bit
0x0188       [1]    ANSEL
0x0189       [1]    ANSELH
//** Label List: ** 
//----------------------------------------------
  L_main0
  L_main1
  L_main2
  L_main3
  L_main4
  L_main5
  L_conteo_up6
  L_conteo_up7
  L_conteo_up8
  L_conteo_up9
  L_conteo_down10
  L_conteo_down11
  L_conteo_down12
  L_multiplexado13
  L_multiplexado14
  L_multiplexado15
  L_multiplexado16
  L_end_main
  _main
  L__main18
  L__main19
  L__main20
  L__main21
  L__main22
  L__main23
  L__main24
  L__main25
  L__main26
  L__main27
  L__main28
  L__main29
  L__main30
  L__main31
  L_end_conteo_up
  _conteo_up
  L_end_conteo_down
  _conteo_down
  L_end_multiplexado
  _multiplexado
  L_loopCA2AWs
  L_CA2AWend
  _CCA2AW_Loop1
  L_loopCS2Ss
  L_CS2Send
  _CCS2S_Loop1
  L_CCS2Send
  L_loopFZinSWs
  L_FZinSend
  _CC2D_Loop1
  L_end_____DoICP
  _____DoICP
  L_end_____DoIFC
  _____DoIFC
  L_end___CA2AW
  ___CA2AW
  L_end___CCA2AW
  ___CCA2AW
  L_end___CS2S
  ___CS2S
  L_end___CCS2S
  ___CCS2S
  L_end___FZinS
  ___FZinS
  L_end___CC2DW
  ___CC2DW
  L_end_Swap
  _Swap
